c:\users\lu\documents\u-tad\programacion concurrente\trabajos\practica2 - memoria\practica2\x64\debug\vc143.pdb
c:\users\lu\documents\u-tad\programacion concurrente\trabajos\practica2 - memoria\practica2\x64\debug\vc143.idb
c:\users\lu\documents\u-tad\programacion concurrente\trabajos\practica2 - memoria\practica2\x64\debug\reference_calc.obj
c:\users\lu\documents\u-tad\programacion concurrente\trabajos\practica2 - memoria\practica2\x64\debug\pr2.obj
c:\users\lu\documents\u-tad\programacion concurrente\trabajos\practica2 - memoria\practica2\x64\debug\main.obj
c:\users\lu\documents\u-tad\programacion concurrente\trabajos\practica2 - memoria\practica2\x64\debug\compare.obj
c:\users\lu\documents\u-tad\programacion concurrente\trabajos\practica2 - memoria\practica2\x64\debug\student_func.cu.obj
c:\users\lu\documents\u-tad\programacion concurrente\trabajos\practica2 - memoria\x64\debug\practica2.lib
c:\users\lu\documents\u-tad\programacion concurrente\trabajos\practica2 - memoria\x64\debug\practica2.exp
c:\users\lu\documents\u-tad\programacion concurrente\trabajos\practica2 - memoria\x64\debug\practica2.exe
c:\users\lu\documents\u-tad\programacion concurrente\trabajos\practica2 - memoria\practica2\x64\debug\practica2.ilk
c:\users\lu\documents\u-tad\programacion concurrente\trabajos\practica2 - memoria\x64\debug\practica2.pdb
c:\users\lu\documents\u-tad\programacion concurrente\trabajos\practica2 - memoria\practica2\x64\debug\student_func.cu.cache
c:\users\lu\documents\u-tad\programacion concurrente\trabajos\practica2 - memoria\practica2\x64\debug\practica2.tlog\cl.command.1.tlog
c:\users\lu\documents\u-tad\programacion concurrente\trabajos\practica2 - memoria\practica2\x64\debug\practica2.tlog\cl.read.1.tlog
c:\users\lu\documents\u-tad\programacion concurrente\trabajos\practica2 - memoria\practica2\x64\debug\practica2.tlog\cl.write.1.tlog
c:\users\lu\documents\u-tad\programacion concurrente\trabajos\practica2 - memoria\practica2\x64\debug\practica2.tlog\cudacompile.read.1u.tlog
c:\users\lu\documents\u-tad\programacion concurrente\trabajos\practica2 - memoria\practica2\x64\debug\practica2.tlog\cudacompile.write.1u.tlog
c:\users\lu\documents\u-tad\programacion concurrente\trabajos\practica2 - memoria\practica2\x64\debug\practica2.tlog\link.command.1.tlog
c:\users\lu\documents\u-tad\programacion concurrente\trabajos\practica2 - memoria\practica2\x64\debug\practica2.tlog\link.read.1.tlog
c:\users\lu\documents\u-tad\programacion concurrente\trabajos\practica2 - memoria\practica2\x64\debug\practica2.tlog\link.write.1.tlog
c:\users\lu\documents\u-tad\programacion concurrente\trabajos\practica2 - memoria\practica2\x64\debug\practica2.tlog\link.write.2u.tlog
