e:\users\gonzalo\documentos\u-tad\2022-2023\practica1\practica1\x64\debug\vc142.pdb
e:\users\gonzalo\documentos\u-tad\2022-2023\practica1\practica1\x64\debug\vc142.idb
e:\users\gonzalo\documentos\u-tad\2022-2023\practica1\practica1\x64\debug\reference_calc.obj
e:\users\gonzalo\documentos\u-tad\2022-2023\practica1\practica1\x64\debug\pr1.obj
e:\users\gonzalo\documentos\u-tad\2022-2023\practica1\practica1\x64\debug\main.obj
e:\users\gonzalo\documentos\u-tad\2022-2023\practica1\practica1\x64\debug\compare.obj
e:\users\gonzalo\documentos\u-tad\2022-2023\practica1\practica1\x64\debug\student_func.cu.obj
e:\users\gonzalo\documentos\u-tad\2022-2023\practica1\x64\debug\practica1.exe
e:\users\gonzalo\documentos\u-tad\2022-2023\practica1\practica1\x64\debug\practica1.ilk
e:\users\gonzalo\documentos\u-tad\2022-2023\practica1\x64\debug\practica1.pdb
e:\users\gonzalo\documentos\u-tad\2022-2023\practica1\x64\debug\practica1.lib
e:\users\gonzalo\documentos\u-tad\2022-2023\practica1\x64\debug\practica1.exp
e:\users\gonzalo\documentos\u-tad\2022-2023\practica1\practica1\x64\debug\student_func.cu.cache
e:\users\gonzalo\documentos\u-tad\2022-2023\practica1\practica1\x64\debug\practica1.tlog\cl.command.1.tlog
e:\users\gonzalo\documentos\u-tad\2022-2023\practica1\practica1\x64\debug\practica1.tlog\cl.read.1.tlog
e:\users\gonzalo\documentos\u-tad\2022-2023\practica1\practica1\x64\debug\practica1.tlog\cl.write.1.tlog
e:\users\gonzalo\documentos\u-tad\2022-2023\practica1\practica1\x64\debug\practica1.tlog\cudacompile.read.1u.tlog
e:\users\gonzalo\documentos\u-tad\2022-2023\practica1\practica1\x64\debug\practica1.tlog\cudacompile.write.1u.tlog
e:\users\gonzalo\documentos\u-tad\2022-2023\practica1\practica1\x64\debug\practica1.tlog\link.command.1.tlog
e:\users\gonzalo\documentos\u-tad\2022-2023\practica1\practica1\x64\debug\practica1.tlog\link.read.1.tlog
e:\users\gonzalo\documentos\u-tad\2022-2023\practica1\practica1\x64\debug\practica1.tlog\link.write.1.tlog
e:\users\gonzalo\documentos\u-tad\2022-2023\practica1\practica1\x64\debug\practica1.tlog\practica1.write.1u.tlog
