  Compiling CUDA source file student_func.cu...
  
  E:\Users\Gonzalo\Documentos\U-Tad\2022-2023\Práctica1\Práctica1>"C:\Program Files\NVIDIA GPU Computing Toolkit\CUDA\v12.1\bin\nvcc.exe" -gencode=arch=compute_52,code=\"sm_52,compute_52\" --use-local-env -ccbin "C:\Program Files (x86)\Microsoft Visual Studio\2019\Enterprise\VC\Tools\MSVC\14.29.30133\bin\HostX86\x64" -x cu   -I"E:\Users\Gonzalo\Documentos\U-Tad\2022-2023\Práctica1\opencv\build\include" -I"C:\Program Files\NVIDIA GPU Computing Toolkit\CUDA\v12.1\include" -I"C:\Program Files\NVIDIA GPU Computing Toolkit\CUDA\v12.1\include" -I"C:\Program Files\NVIDIA GPU Computing Toolkit\CUDA\v12.1\include"     --keep-dir x64\Release  -maxrregcount=0   --machine 64 --compile -cudart static    -DWIN32 -DWIN64 -DNDEBUG -D_CONSOLE -D_MBCS -Xcompiler "/EHsc /W3 /nologo /O2 /FS   /MD " -Xcompiler "/Fdx64\Release\vc142.pdb" -o E:\Users\Gonzalo\Documentos\U-Tad\2022-2023\Práctica1\Práctica1\x64\Release\student_func.cu.obj "E:\Users\Gonzalo\Documentos\U-Tad\2022-2023\Práctica1\Práctica1\student_func.cu" 
  student_func.cu
  tmpxft_00000b48_00000000-7_student_func.cudafe1.cpp
E:\Users\Gonzalo\Documentos\U-Tad\2022-2023\Práctica1\Práctica1\student_func.cu(34): warning C4244: 'argumento': conversión de 'double' a 'unsigned int'; posible pérdida de datos
E:\Users\Gonzalo\Documentos\U-Tad\2022-2023\Práctica1\Práctica1\student_func.cu(34): warning C4244: 'argumento': conversión de 'double' a 'unsigned int'; posible pérdida de datos
E:\Users\Gonzalo\Documentos\U-Tad\2022-2023\Práctica1\Práctica1\student_func.cu(35): warning C4267: 'argumento': conversión de 'size_t' a 'int'; posible pérdida de datos
  compare.cpp
  main.cpp
  PR1.cpp
E:\Users\Gonzalo\Documentos\U-Tad\2022-2023\Práctica1\Práctica1\PR1.cpp(59,64): warning C4267: 'argumento': conversión de 'size_t' a 'int'; posible pérdida de datos
  reference_calc.cpp
E:\Users\Gonzalo\Documentos\U-Tad\2022-2023\Práctica1\Práctica1\reference_calc.cpp(13,36): warning C4244: '=': conversión de 'float' a 'unsigned char'; posible pérdida de datos
     Creando biblioteca E:\Users\Gonzalo\Documentos\U-Tad\2022-2023\Práctica1\x64\Release\Práctica1.lib y objeto E:\Users\Gonzalo\Documentos\U-Tad\2022-2023\Práctica1\x64\Release\Práctica1.exp
LINK : warning LNK4232: el nombre Práctica1.exe contiene caracteres que no son ASCII, es posible que la DLL no se cargue en un sistema con página de códigos ANSI que no sea 1252
LINK : warning LNK4098: la biblioteca predeterminada'LIBCMT' entra en conflicto con otras bibliotecas; use la biblioteca /NODEFAULTLIB:biblioteca
  Generando código
  Previous IPDB not found, fall back to full compilation.
  All 306 functions were compiled because no usable IPDB/IOBJ from previous compilation was found.
  Generación de código finalizada
  Práctica1.vcxproj -> E:\Users\Gonzalo\Documentos\U-Tad\2022-2023\Práctica1\x64\Release\Práctica1.exe
