e:\users\gonzalo\documentos\u-tad\2022-2023\práctica1\práctica1\x64\release\vc142.pdb
e:\users\gonzalo\documentos\u-tad\2022-2023\práctica1\práctica1\x64\release\reference_calc.obj
e:\users\gonzalo\documentos\u-tad\2022-2023\práctica1\práctica1\x64\release\pr1.obj
e:\users\gonzalo\documentos\u-tad\2022-2023\práctica1\práctica1\x64\release\main.obj
e:\users\gonzalo\documentos\u-tad\2022-2023\práctica1\práctica1\x64\release\compare.obj
e:\users\gonzalo\documentos\u-tad\2022-2023\práctica1\práctica1\x64\release\student_func.cu.obj
e:\users\gonzalo\documentos\u-tad\2022-2023\práctica1\x64\release\práctica1.exe
e:\users\gonzalo\documentos\u-tad\2022-2023\práctica1\práctica1\x64\release\práctica1.ipdb
e:\users\gonzalo\documentos\u-tad\2022-2023\práctica1\práctica1\x64\release\práctica1.iobj
e:\users\gonzalo\documentos\u-tad\2022-2023\práctica1\x64\release\práctica1.pdb
e:\users\gonzalo\documentos\u-tad\2022-2023\práctica1\x64\release\práctica1.lib
e:\users\gonzalo\documentos\u-tad\2022-2023\práctica1\x64\release\práctica1.exp
e:\users\gonzalo\documentos\u-tad\2022-2023\práctica1\práctica1\x64\release\student_func.cu.cache
e:\users\gonzalo\documentos\u-tad\2022-2023\práctica1\práctica1\x64\release\práctica1.tlog\cl.command.1.tlog
e:\users\gonzalo\documentos\u-tad\2022-2023\práctica1\práctica1\x64\release\práctica1.tlog\cl.read.1.tlog
e:\users\gonzalo\documentos\u-tad\2022-2023\práctica1\práctica1\x64\release\práctica1.tlog\cl.write.1.tlog
e:\users\gonzalo\documentos\u-tad\2022-2023\práctica1\práctica1\x64\release\práctica1.tlog\cudacompile.read.1u.tlog
e:\users\gonzalo\documentos\u-tad\2022-2023\práctica1\práctica1\x64\release\práctica1.tlog\cudacompile.write.1u.tlog
e:\users\gonzalo\documentos\u-tad\2022-2023\práctica1\práctica1\x64\release\práctica1.tlog\link.command.1.tlog
e:\users\gonzalo\documentos\u-tad\2022-2023\práctica1\práctica1\x64\release\práctica1.tlog\link.read.1.tlog
e:\users\gonzalo\documentos\u-tad\2022-2023\práctica1\práctica1\x64\release\práctica1.tlog\link.write.1.tlog
e:\users\gonzalo\documentos\u-tad\2022-2023\práctica1\práctica1\x64\release\práctica1.tlog\práctica1.write.1u.tlog
